<?xml version="1.0" encoding="UTF-8"?>
<!-- Generated by org.testng.reporters.JUnitReportReporter -->
<testsuite skipped="0" hostname="Fahads-MacBook-Pro.local" name="testNGTest.TestNGTest" tests="26" failures="1" timestamp="19 Nov 2018 10:39:45 GMT" time="49.680" errors="0">
  <testcase name="getPageSourceLength" time="1.576" classname="testNGTest.TestNGTest"/>
  <testcase name="verifyMultipleNumOfRows" time="1.931" classname="testNGTest.TestNGTest"/>
  <testcase name="verifyHomeButton" time="2.170" classname="testNGTest.TestNGTest"/>
  <testcase name="verifyFooter3" time="1.619" classname="testNGTest.TestNGTest"/>
  <testcase name="verifyResultsTableHeaders" time="3.110" classname="testNGTest.TestNGTest"/>
  <testcase name="verifyTotGallons" time="2.942" classname="testNGTest.TestNGTest"/>
  <testcase name="verifyGallonCalculation" time="2.230" classname="testNGTest.TestNGTest"/>
  <testcase name="verifyHomeButtonEnable" time="2.033" classname="testNGTest.TestNGTest"/>
  <testcase name="verifyNegativeNum" time="1.853" classname="testNGTest.TestNGTest"/>
  <testcase name="verifyFooter2" time="1.628" classname="testNGTest.TestNGTest"/>
  <testcase name="verifyOperations" time="1.727" classname="testNGTest.TestNGTest"/>
  <testcase name="verifySubmitButtonDisplay" time="1.682" classname="testNGTest.TestNGTest"/>
  <testcase name="verifyHeader1" time="1.654" classname="testNGTest.TestNGTest"/>
  <testcase name="verifyTitle" time="1.681" classname="testNGTest.TestNGTest"/>
  <testcase name="verifyBackButtonAndClearBox" time="1.958" classname="testNGTest.TestNGTest"/>
  <testcase name="verifyCalculation" time="2.047" classname="testNGTest.TestNGTest">
    <failure type="java.lang.AssertionError">
      <![CDATA[java.lang.AssertionError
at org.junit.Assert.fail(Assert.java:86)
at org.junit.Assert.assertTrue(Assert.java:41)
at org.junit.Assert.assertTrue(Assert.java:52)
at pages.HomePage.verifyCalculation(HomePage.java:212)
at testNGTest.TestNGTest.verifyCalculation(TestNGTest.java:111)
at sun.reflect.NativeMethodAccessorImpl.invoke0(Native Method)
at sun.reflect.NativeMethodAccessorImpl.invoke(NativeMethodAccessorImpl.java:62)
at sun.reflect.DelegatingMethodAccessorImpl.invoke(DelegatingMethodAccessorImpl.java:43)
at java.lang.reflect.Method.invoke(Method.java:498)
at org.testng.internal.MethodInvocationHelper.invokeMethod(MethodInvocationHelper.java:124)
at org.testng.internal.Invoker.invokeMethod(Invoker.java:580)
at org.testng.internal.Invoker.invokeTestMethod(Invoker.java:716)
at org.testng.internal.Invoker.invokeTestMethods(Invoker.java:988)
at org.testng.internal.TestMethodWorker.invokeTestMethods(TestMethodWorker.java:125)
at org.testng.internal.TestMethodWorker.run(TestMethodWorker.java:109)
at org.testng.TestRunner.privateRun(TestRunner.java:648)
at org.testng.TestRunner.run(TestRunner.java:505)
at org.testng.SuiteRunner.runTest(SuiteRunner.java:455)
at org.testng.SuiteRunner.runSequentially(SuiteRunner.java:450)
at org.testng.SuiteRunner.privateRun(SuiteRunner.java:415)
at org.testng.SuiteRunner.run(SuiteRunner.java:364)
at org.testng.SuiteRunnerWorker.runSuite(SuiteRunnerWorker.java:52)
at org.testng.SuiteRunnerWorker.run(SuiteRunnerWorker.java:84)
at org.testng.TestNG.runSuitesSequentially(TestNG.java:1208)
at org.testng.TestNG.runSuitesLocally(TestNG.java:1137)
at org.testng.TestNG.runSuites(TestNG.java:1049)
at org.testng.TestNG.run(TestNG.java:1017)
at org.testng.remote.AbstractRemoteTestNG.run(AbstractRemoteTestNG.java:114)
at org.testng.remote.RemoteTestNG.initAndRun(RemoteTestNG.java:251)
at org.testng.remote.RemoteTestNG.main(RemoteTestNG.java:77)
]]>
    </failure>
  </testcase> <!-- verifyCalculation -->
  <testcase name="verifySubmitButtonEnable" time="1.672" classname="testNGTest.TestNGTest"/>
  <testcase name="verifyEmptyValue" time="1.762" classname="testNGTest.TestNGTest"/>
  <testcase name="enterPositiveNumber" time="1.954" classname="testNGTest.TestNGTest"/>
  <testcase name="verifyFooter1" time="1.593" classname="testNGTest.TestNGTest"/>
  <testcase name="verifyAlph" time="1.785" classname="testNGTest.TestNGTest"/>
  <testcase name="verifyGallonTotalSum" time="2.334" classname="testNGTest.TestNGTest"/>
  <testcase name="verifyHeader2" time="1.462" classname="testNGTest.TestNGTest"/>
  <testcase name="verifyUrl" time="1.565" classname="testNGTest.TestNGTest"/>
  <testcase name="verifyZero" time="1.784" classname="testNGTest.TestNGTest"/>
  <testcase name="verifyTableHeaders" time="1.928" classname="testNGTest.TestNGTest"/>
</testsuite> <!-- testNGTest.TestNGTest -->
