<?xml version="1.0" encoding="UTF-8"?>
<!-- Generated by org.testng.reporters.JUnitXMLReporter -->
<testsuite hostname="Fahads-MacBook-Pro.local" ignored="0" name="Default test" tests="26" failures="1" timestamp="19 Nov 2018 10:39:44 GMT" time="49.762" errors="0">
  <testcase name="enterPositiveNumber" time="0.317" classname="testNGTest.TestNGTest"/>
  <testcase name="getPageSourceLength" time="0.011" classname="testNGTest.TestNGTest"/>
  <testcase name="verifyAlph" time="0.204" classname="testNGTest.TestNGTest"/>
  <testcase name="verifyBackButtonAndClearBox" time="0.469" classname="testNGTest.TestNGTest"/>
  <testcase name="verifyCalculation" time="0.509" classname="testNGTest.TestNGTest">
    <failure type="java.lang.AssertionError">
      <![CDATA[java.lang.AssertionError
at org.junit.Assert.fail(Assert.java:86)
at org.junit.Assert.assertTrue(Assert.java:41)
at org.junit.Assert.assertTrue(Assert.java:52)
at pages.HomePage.verifyCalculation(HomePage.java:212)
at testNGTest.TestNGTest.verifyCalculation(TestNGTest.java:111)
at sun.reflect.NativeMethodAccessorImpl.invoke0(Native Method)
at sun.reflect.NativeMethodAccessorImpl.invoke(NativeMethodAccessorImpl.java:62)
at sun.reflect.DelegatingMethodAccessorImpl.invoke(DelegatingMethodAccessorImpl.java:43)
at java.lang.reflect.Method.invoke(Method.java:498)
at org.testng.internal.MethodInvocationHelper.invokeMethod(MethodInvocationHelper.java:124)
at org.testng.internal.Invoker.invokeMethod(Invoker.java:580)
at org.testng.internal.Invoker.invokeTestMethod(Invoker.java:716)
at org.testng.internal.Invoker.invokeTestMethods(Invoker.java:988)
at org.testng.internal.TestMethodWorker.invokeTestMethods(TestMethodWorker.java:125)
at org.testng.internal.TestMethodWorker.run(TestMethodWorker.java:109)
at org.testng.TestRunner.privateRun(TestRunner.java:648)
at org.testng.TestRunner.run(TestRunner.java:505)
at org.testng.SuiteRunner.runTest(SuiteRunner.java:455)
at org.testng.SuiteRunner.runSequentially(SuiteRunner.java:450)
at org.testng.SuiteRunner.privateRun(SuiteRunner.java:415)
at org.testng.SuiteRunner.run(SuiteRunner.java:364)
at org.testng.SuiteRunnerWorker.runSuite(SuiteRunnerWorker.java:52)
at org.testng.SuiteRunnerWorker.run(SuiteRunnerWorker.java:84)
at org.testng.TestNG.runSuitesSequentially(TestNG.java:1208)
at org.testng.TestNG.runSuitesLocally(TestNG.java:1137)
at org.testng.TestNG.runSuites(TestNG.java:1049)
at org.testng.TestNG.run(TestNG.java:1017)
at org.testng.remote.AbstractRemoteTestNG.run(AbstractRemoteTestNG.java:114)
at org.testng.remote.RemoteTestNG.initAndRun(RemoteTestNG.java:251)
at org.testng.remote.RemoteTestNG.main(RemoteTestNG.java:77)
]]>
    </failure>
  </testcase> <!-- verifyCalculation -->
  <testcase name="verifyEmptyValue" time="0.173" classname="testNGTest.TestNGTest"/>
  <testcase name="verifyFooter1" time="0.051" classname="testNGTest.TestNGTest"/>
  <testcase name="verifyFooter2" time="0.046" classname="testNGTest.TestNGTest"/>
  <testcase name="verifyFooter3" time="0.044" classname="testNGTest.TestNGTest"/>
  <testcase name="verifyGallonCalculation" time="0.544" classname="testNGTest.TestNGTest"/>
  <testcase name="verifyGallonTotalSum" time="0.806" classname="testNGTest.TestNGTest"/>
  <testcase name="verifyHeader1" time="0.045" classname="testNGTest.TestNGTest"/>
  <testcase name="verifyHeader2" time="0.044" classname="testNGTest.TestNGTest"/>
  <testcase name="verifyHomeButton" time="0.598" classname="testNGTest.TestNGTest"/>
  <testcase name="verifyHomeButtonEnable" time="0.486" classname="testNGTest.TestNGTest"/>
  <testcase name="verifyMultipleNumOfRows" time="0.401" classname="testNGTest.TestNGTest"/>
  <testcase name="verifyNegativeNum" time="0.213" classname="testNGTest.TestNGTest"/>
  <testcase name="verifyOperations" time="0.195" classname="testNGTest.TestNGTest"/>
  <testcase name="verifyResultsTableHeaders" time="1.534" classname="testNGTest.TestNGTest"/>
  <testcase name="verifySubmitButtonDisplay" time="0.048" classname="testNGTest.TestNGTest"/>
  <testcase name="verifySubmitButtonEnable" time="0.033" classname="testNGTest.TestNGTest"/>
  <testcase name="verifyTableHeaders" time="0.293" classname="testNGTest.TestNGTest"/>
  <testcase name="verifyTitle" time="0.007" classname="testNGTest.TestNGTest"/>
  <testcase name="verifyTotGallons" time="0.542" classname="testNGTest.TestNGTest"/>
  <testcase name="verifyUrl" time="0.01" classname="testNGTest.TestNGTest"/>
  <testcase name="verifyZero" time="0.197" classname="testNGTest.TestNGTest"/>
</testsuite> <!-- Default test -->
